
 *** THREEDEE *** Univ. Maryland - Win32 Version 97.4
        EXECUTION DATE - 31 Aug 21 AT 19:02:32


           40Ca(P,P ALPHA)36Ar(5S)  100 MeV  Cooper                                       
 00010000000000000000000000000000000000000000000000010500000000000000000000000001
 ***writing title to Plotfile... line 127
 ***read input card 3... line 135
 ***read params S, N, L, J... line 132
 ***read input card 4... line 143


 *** GAUSSIAN INTEGRATION INFORMATION ***
 *** NR = 20  NTHETA = 20   NPHI = 20


 ***read input card            5  and            6 ... line 170
 ***read input card            7 ... line 194
 ***read input card            8  and            9 ... line 170
 ***read input card           10 ... line 194
 ***read input card           11  and           12 ... line 170
 ***read input card           13 ... line 194
 ***read input card           14  and           15 ... line 170
 ***read input card           16 ... line 194
 ***   (P, PA) REACTION ***
 *** JA (Target)  0.0 *** JB (Residual)  0.0
 *** S-amplitude  1.0000 for N =  5 *** L =  0 *** J =  0.0 *** nrel =  1
 ***   Final Energy     ***
 ***generating r, theta, phi arrays... line 383
 ***calling lgauss... line 393
 ***JJK initialisation...calling jjkinit(), line 406
 ***calling bdsts.f... line 505

 -------------------------------------------------------------
 *******************BOUND STATES SUBROUTINE*******************
 -------------------------------------------------------------

 INITIAL VALUES-EB1=   0.00000 EB2=   7.04000 VN=   0.00000 VSO=   0.00000
 MODE=  4
 TOTAL NUCLEAR MASS =  40.00000   CHARGE = 20.0
 FIXED PARAMETERS - RN = 1.3000 AN = 0.7670 RSO = 1.3000 ASO = 0.5190 RCOUL = 1.3000
 CLUSTER ORBIT- PRINCIPAL QUANTUM NUMBER  5 L-VALUE  0 MASS     4.00260 CHARGE     2.
 NO NON-LOCAL CORRECTION

0
 ITERATION INFORMATION RMATCH= 5.40 REXT=13.20 RMAX=26.40
 CYCLE  1 VN=  95.01056 VSO=   0.00000 EB1=   0.00000 EB2=   7.04000
 CYCLE  2 VN=  90.60331 VSO=   0.00000 EB1=   0.00000 EB2=   7.04000
 CYCLE  3 VN=  90.55155 VSO=   0.00000 EB1=   0.00000 EB2=   7.04000
 FIN.VAL. VN=  90.55155 VSO=   0.00000 EB1=   0.00000 EB2=   7.04000


 WAVEFUNCTION R=0. TO 12.50 F. IN STEPS OF  0.10 F.
  J=L-S
  0.0000E+00  1.5809E-01  2.9846E-01  4.0542E-01  4.6703E-01  4.7642E-01  4.3259E-01  3.4047E-01  2.1038E-01  5.6847E-02
 -1.0301E-01 -2.5142E-01 -3.7193E-01 -4.5124E-01 -4.8067E-01 -4.5709E-01 -3.8325E-01 -2.6742E-01 -1.2238E-01  3.5953E-02
  1.9040E-01  3.2439E-01  4.2376E-01  4.7828E-01  4.8266E-01  4.3696E-01  3.4650E-01  2.2103E-01  7.3585E-02 -8.1039E-02
 -2.2792E-01 -3.5352E-01 -4.4698E-01 -5.0103E-01 -5.1237E-01 -4.8165E-01 -4.1306E-01 -3.1349E-01 -1.9163E-01 -5.6923E-02
  8.1358E-02  2.1489E-01  3.3684E-01  4.4217E-01  5.2773E-01  5.9212E-01  6.3546E-01  6.5909E-01  6.6517E-01  6.5638E-01
  6.3559E-01  6.0562E-01  5.6921E-01  5.2866E-01  4.8595E-01  4.4270E-01  4.0016E-01  3.5924E-01  3.2060E-01  2.8465E-01
  2.5159E-01  2.2150E-01  1.9435E-01  1.7003E-01  1.4838E-01  1.2921E-01  1.1231E-01  9.7460E-02  8.4463E-02  7.3118E-02
  6.3237E-02  5.4650E-02  4.7198E-02  4.0743E-02  3.5156E-02  3.0327E-02  2.6155E-02  2.2554E-02  1.9447E-02  1.6768E-02
  1.4458E-02  1.2467E-02  1.0751E-02  9.2729E-03  7.9990E-03  6.9013E-03  5.9555E-03  5.1403E-03  4.4377E-03  3.8320E-03
  3.3098E-03  2.8594E-03  2.4710E-03  2.1359E-03  1.8467E-03  1.5971E-03  1.3815E-03  1.1954E-03  1.0347E-03  8.9577E-04
  7.7572E-04  6.7193E-04  5.8219E-04  5.0456E-04  4.3739E-04  3.7926E-04  3.2894E-04  2.8537E-04  2.4763E-04  2.1493E-04
  1.8660E-04  1.6204E-04  1.4075E-04  1.2228E-04  1.0626E-04  9.2357E-05  8.0293E-05  6.9821E-05  6.0727E-05  5.2829E-05
  4.5968E-05  4.0007E-05  3.4825E-05  3.0321E-05  2.6405E-05
0


     R.M.S RADIUS FOR BOUND STATE    3.9792 F.
 ***interpolating bound state... line 519
 ***computing dst waves for inc. particle: ,line 555

 -------------------------------------------------------------
 *************************** a + A ***************************
 -------------------------------------------------------------
 ***calling dstwav.f , line 558

 DISTORTED WAVE SUBROUTINE
 NO NON-LOCAL CORRECTION

 TARGET-MASS 40.000 CHARGE 20.000     PROJECTILE-ENERGY 100.000 MASS  1.007 CHARGE  1.000 SPIN  0.500

 *****  RELATIVISTIC KINEMATICS  *****
 ***calling potset() from dstwav.f... ln 66
 ***pots print flag, iacd=           1
 *** PROTON OM OPT=   3   Dirac -   Cooper et al        
                    Optical potential from Dirac phenomenology
                    Version EDAIC  from Cooper et al., PR C47 (93) 297
 ***calling dp() from potset.f, ln 283
 dpfile                                                                          
      dpdatdpfile                                                                          
          WARNING: extrapolation in mass ill-advised.
1

          Lorentz scalar and vector potentials from Dirac phenomenology
          =============================================================

                    recoil factors: scalar =    0.973     vector =    0.973

  Scalar potential

 (-3.2183E+02, 1.1313E+02) (-3.2181E+02, 1.1320E+02) (-3.2174E+02, 1.1344E+02) (-3.2163E+02, 1.1384E+02) (-3.2147E+02, 1.1440E+02)
 (-3.2125E+02, 1.1512E+02) (-3.2097E+02, 1.1600E+02) (-3.2063E+02, 1.1705E+02) (-3.2021E+02, 1.1825E+02) (-3.1970E+02, 1.1961E+02)
 (-3.1908E+02, 1.2111E+02) (-3.1835E+02, 1.2274E+02) (-3.1748E+02, 1.2446E+02) (-3.1645E+02, 1.2626E+02) (-3.1524E+02, 1.2808E+02)
 (-3.1380E+02, 1.2987E+02) (-3.1212E+02, 1.3156E+02) (-3.1015E+02, 1.3307E+02) (-3.0784E+02, 1.3431E+02) (-3.0515E+02, 1.3518E+02)
 (-3.0203E+02, 1.3559E+02) (-2.9841E+02, 1.3544E+02) (-2.9423E+02, 1.3464E+02) (-2.8943E+02, 1.3311E+02) (-2.8394E+02, 1.3081E+02)
 (-2.7770E+02, 1.2772E+02) (-2.7066E+02, 1.2385E+02) (-2.6277E+02, 1.1924E+02) (-2.5401E+02, 1.1396E+02) (-2.4435E+02, 1.0812E+02)
 (-2.3383E+02, 1.0183E+02) (-2.2248E+02, 9.5219E+01) (-2.1039E+02, 8.8423E+01) (-1.9767E+02, 8.1569E+01) (-1.8446E+02, 7.4776E+01)
 (-1.7093E+02, 6.8148E+01) (-1.5727E+02, 6.1768E+01) (-1.4368E+02, 5.5705E+01) (-1.3034E+02, 5.0006E+01) (-1.1742E+02, 4.4703E+01)
 (-1.0509E+02, 3.9812E+01) (-9.3472E+01, 3.5336E+01) (-8.2648E+01, 3.1268E+01) (-7.2681E+01, 2.7593E+01) (-6.3599E+01, 2.4292E+01)
 (-5.5401E+01, 2.1340E+01) (-4.8064E+01, 1.8712E+01) (-4.1548E+01, 1.6380E+01) (-3.5800E+01, 1.4319E+01) (-3.0761E+01, 1.2500E+01)
 (-2.6366E+01, 1.0901E+01) (-2.2551E+01, 9.4967E+00) (-1.9252E+01, 8.2665E+00) (-1.6409E+01, 7.1903E+00) (-1.3967E+01, 6.2502E+00)
 (-1.1874E+01, 5.4299E+00) (-1.0084E+01, 4.7150E+00) (-8.5572E+00, 4.0925E+00) (-7.2560E+00, 3.5509E+00) (-6.1487E+00, 3.0799E+00)
 (-5.2077E+00, 2.6707E+00) (-4.4086E+00, 2.3153E+00) (-3.7308E+00, 2.0068E+00) (-3.1561E+00, 1.7390E+00) (-2.6692E+00, 1.5068E+00)
 (-2.2569E+00, 1.3054E+00) (-1.9079E+00, 1.1308E+00) (-1.6126E+00, 9.7940E-01) (-1.3628E+00, 8.4822E-01) (-1.1516E+00, 7.3456E-01)
 (-9.7296E-01, 6.3608E-01) (-8.2200E-01, 5.5078E-01) (-6.9441E-01, 4.7689E-01) (-5.8658E-01, 4.1290E-01) (-4.9548E-01, 3.5748E-01)
 (-4.1850E-01, 3.0948E-01) (-3.5347E-01, 2.6793E-01) (-2.9854E-01, 2.3195E-01) (-2.5214E-01, 2.0079E-01) (-2.1294E-01, 1.7382E-01)
 (-1.7984E-01, 1.5047E-01) (-1.5187E-01, 1.3025E-01) (-1.2826E-01, 1.1275E-01) (-1.0831E-01, 9.7601E-02) (-9.1470E-02, 8.4485E-02)
 (-7.7245E-02, 7.3131E-02) (-6.5231E-02, 6.3303E-02) (-5.5086E-02, 5.4795E-02) (-4.6518E-02, 4.7430E-02) (-3.9283E-02, 4.1056E-02)
 (-3.3173E-02, 3.5537E-02) (-2.8013E-02, 3.0761E-02) (-2.3656E-02, 2.6626E-02) (-1.9976E-02, 2.3047E-02) (-1.6869E-02, 1.9949E-02)
 (-1.4245E-02, 1.7267E-02) (-1.2029E-02, 1.4946E-02) (-1.0158E-02, 1.2937E-02) (-8.5780E-03, 1.1198E-02) (-7.2437E-03, 9.6928E-03)
 (-6.1169E-03, 8.3898E-03) (-5.1654E-03, 7.2620E-03) (-4.3619E-03, 6.2858E-03) (-3.6834E-03, 5.4408E-03) (-3.1104E-03, 4.7094E-03)
 (-2.6266E-03, 4.0763E-03) (-2.2180E-03, 3.5284E-03) (-1.8730E-03, 3.0541E-03) (-1.5816E-03, 2.6435E-03) (-1.3356E-03, 2.2881E-03)
 (-1.1278E-03, 1.9805E-03) (-9.5240E-04, 1.7143E-03) (-8.0425E-04, 1.4838E-03) (-6.7914E-04, 1.2844E-03) (-5.7350E-04, 1.1117E-03)
 (-4.8429E-04, 9.6227E-04) (-4.0896E-04, 8.3291E-04) (-3.4534E-04, 7.2094E-04) (-2.9162E-04, 6.2402E-04) (-2.4626E-04, 5.4014E-04)
 (-2.0795E-04, 4.6753E-04) (-1.7560E-04, 4.0468E-04) (-1.4829E-04, 3.5028E-04) (-1.2522E-04, 3.0319E-04) (-1.0574E-04, 2.6243E-04)
 (-8.9293E-05, 2.2715E-04) (

          Real potential : Volume integral/nucleon =  -1425.151 MeV fm**3
                           Transition radius =   3.178 fm

          Imag potential : Volume integral/nucleon =    602.430 MeV fm**3
                           Transition radius =   3.212 fm

  Vector potential

 ( 2.5660E+02,-8.8119E+01) ( 2.5659E+02,-8.8247E+01) ( 2.5656E+02,-8.8631E+01) ( 2.5650E+02,-8.9270E+01) ( 2.5642E+02,-9.0161E+01)
 ( 2.5631E+02,-9.1301E+01) ( 2.5616E+02,-9.2685E+01) ( 2.5598E+02,-9.4304E+01) ( 2.5576E+02,-9.6145E+01) ( 2.5548E+02,-9.8188E+01)
 ( 2.5514E+02,-1.0041E+02) ( 2.5474E+02,-1.0278E+02) ( 2.5425E+02,-1.0525E+02) ( 2.5365E+02,-1.0777E+02) ( 2.5294E+02,-1.1028E+02)
 ( 2.5209E+02,-1.1270E+02) ( 2.5107E+02,-1.1496E+02) ( 2.4985E+02,-1.1697E+02) ( 2.4839E+02,-1.1863E+02) ( 2.4667E+02,-1.1986E+02)
 ( 2.4462E+02,-1.2056E+02) ( 2.4219E+02,-1.2066E+02) ( 2.3933E+02,-1.2009E+02) ( 2.3598E+02,-1.1882E+02) ( 2.3207E+02,-1.1683E+02)
 ( 2.2752E+02,-1.1412E+02) ( 2.2228E+02,-1.1072E+02) ( 2.1628E+02,-1.0670E+02) ( 2.0947E+02,-1.0213E+02) ( 2.0182E+02,-9.7091E+01)
 ( 1.9332E+02,-9.1699E+01) ( 1.8399E+02,-8.6058E+01) ( 1.7388E+02,-8.0273E+01) ( 1.6309E+02,-7.4445E+01) ( 1.5176E+02,-6.8665E+01)
 ( 1.4004E+02,-6.3012E+01) ( 1.2812E+02,-5.7551E+01) ( 1.1622E+02,-5.2334E+01) ( 1.0452E+02,-4.7400E+01) ( 9.3225E+01,-4.2775E+01)
 ( 8.2491E+01,-3.8473E+01) ( 7.2446E+01,-3.4499E+01) ( 6.3182E+01,-3.0853E+01) ( 5.4752E+01,-2.7524E+01) ( 4.7173E+01,-2.4502E+01)
 ( 4.0434E+01,-2.1769E+01) ( 3.4500E+01,-1.9307E+01) ( 2.9319E+01,-1.7097E+01) ( 2.4829E+01,-1.5119E+01) ( 2.0963E+01,-1.3354E+01)
 ( 1.7654E+01,-1.1783E+01) ( 1.4834E+01,-1.0386E+01) ( 1.2441E+01,-9.1473E+00) ( 1.0418E+01,-8.0504E+00) ( 8.7118E+00,-7.0804E+00)
 ( 7.2769E+00,-6.2238E+00) ( 6.0726E+00,-5.4680E+00) ( 5.0635E+00,-4.8019E+00) ( 4.2193E+00,-4.2152E+00) ( 3.5139E+00,-3.6990E+00)
 ( 2.9251E+00,-3.2450E+00) ( 2.4340E+00,-2.8460E+00) ( 2.0247E+00,-2.4955E+00) ( 1.6837E+00,-2.1877E+00) ( 1.3999E+00,-1.9175E+00)
 ( 1.1637E+00,-1.6805E+00) ( 9.6717E-01,-1.4725E+00) ( 8.0375E-01,-1.2901E+00) ( 6.6787E-01,-1.1302E+00) ( 5.5491E-01,-9.9003E-01)
 ( 4.6102E-01,-8.6717E-01) ( 3.8299E-01,-7.5950E-01) ( 3.1815E-01,-6.6515E-01) ( 2.6428E-01,-5.8250E-01) ( 2.1952E-01,-5.1009E-01)
 ( 1.8234E-01,-4.4667E-01) ( 1.5145E-01,-3.9111E-01) ( 1.2579E-01,-3.4246E-01) ( 1.0448E-01,-2.9985E-01) ( 8.6777E-02,-2.6253E-01)
 ( 7.2072E-02,-2.2986E-01) ( 5.9859E-02,-2.0124E-01) ( 4.9715E-02,-1.7619E-01) ( 4.1289E-02,-1.5425E-01) ( 3.4292E-02,-1.3504E-01)
 ( 2.8480E-02,-1.1823E-01) ( 2.3653E-02,-1.0350E-01) ( 1.9644E-02,-9.0612E-02) ( 1.6315E-02,-7.9326E-02) ( 1.3549E-02,-6.9446E-02)
 ( 1.1253E-02,-6.0795E-02) ( 9.3456E-03,-5.3222E-02) ( 7.7615E-03,-4.6592E-02) ( 6.4460E-03,-4.0788E-02) ( 5.3534E-03,-3.5707E-02)
 ( 4.4460E-03,-3.1259E-02) ( 3.6924E-03,-2.7364E-02) ( 3.0666E-03,-2.3955E-02) ( 2.5468E-03,-2.0971E-02) ( 2.1151E-03,-1.8358E-02)
 ( 1.7566E-03,-1.6071E-02) ( 1.4589E-03,-1.4069E-02) ( 1.2116E-03,-1.2316E-02) ( 1.0062E-03,-1.0781E-02) ( 8.3566E-04,-9.4380E-03)
 ( 6.9402E-04,-8.2621E-03) ( 5.7638E-04,-7.2327E-03) ( 4.7869E-04,-6.3316E-03) ( 3.9755E-04,-5.5427E-03) ( 3.3016E-04,-4.8521E-03)
 ( 2.7420E-04,-4.2476E-03) ( 2.2772E-04,-3.7183E-03) ( 1.8912E-04,-3.2550E-03) ( 1.5707E-04,-2.8495E-03) ( 1.3044E-04,-2.4944E-03)
 ( 1.0833E-04,-2.1836E-03) ( 8.9971E-05,-1.9116E-03) ( 7.4721E-05,-1.6734E-03) ( 6.2056E-05,-1.4649E-03) ( 5.1537E-05,-1.2824E-03)
 ( 4.2802E-05,-1.1226E-03) ( 3.5547E-05,-9.8272E-04) ( 2.9522E-05,-8.6028E-04) ( 2.4518E-05,-7.5309E-04) ( 2.0362E-05,-6.5926E-04)
 ( 1.6911E-05,-5.7712E-04) (

          Real potential : Volume integral/nucleon =   1115.100 MeV fm**3
                           Transition radius =   3.087 fm

          Imag potential : Volume integral/nucleon =   -572.400 MeV fm**3
                           Transition radius =   3.346 fm
 ***calling coulpot() from potset.f... ln 299
 COULOMB   RADIUS    1.3000


  Darwin potential

 ( 6.8136E-03,-7.0975E-03) ( 3.6000E-03,-3.0202E-03) ( 3.8643E-04, 1.0571E-03) (-1.2482E-03, 2.5740E-04) (-2.4435E-03, 5.2427E-04)
 (-3.7656E-03, 8.8135E-04) (-5.3509E-03, 1.3861E-03) (-7.1335E-03, 2.0767E-03) (-9.0328E-03, 2.9999E-03) (-1.0933E-02, 4.2060E-03)
 (-1.2680E-02, 5.7435E-03) (-1.4084E-02, 7.6518E-03) (-1.4931E-02, 9.9505E-03) (-1.5007E-02, 1.2625E-02) (-1.4139E-02, 1.5609E-02)
 (-1.2250E-02, 1.8765E-02) (-9.4226E-03, 2.1862E-02) (-5.9537E-03, 2.4546E-02) (-2.3951E-03, 2.6318E-02) ( 4.5999E-04, 2.6499E-02)
 ( 1.6585E-03, 2.4212E-02) ( 2.5116E-04, 1.8375E-02) (-4.4694E-03, 7.7314E-03) (-1.2691E-02,-9.0471E-03) (-2.3834E-02,-3.3183E-02)
 (-3.6407E-02,-6.5523E-02) (-4.8058E-02,-1.0621E-01) (-5.5854E-02,-1.5438E-01) (-5.6788E-02,-2.0796E-01) (-4.8406E-02,-2.6371E-01)
 (-2.9420E-02,-3.1752E-01) (-1.2991E-04,-3.6497E-01) ( 3.7492E-02,-4.0202E-01) ( 8.0095E-02,-4.2569E-01) ( 1.2356E-01,-4.3455E-01)
 ( 1.6377E-01,-4.2881E-01) ( 1.9732E-01,-4.1020E-01) ( 2.2201E-01,-3.8154E-01) ( 2.3702E-01,-3.4611E-01) ( 2.4276E-01,-3.0720E-01)
 ( 2.4052E-01,-2.6766E-01) ( 2.3207E-01,-2.2968E-01) ( 2.1928E-01,-1.9475E-01) ( 2.0385E-01,-1.6369E-01) ( 1.8715E-01,-1.3681E-01)
 ( 1.7019E-01,-1.1402E-01) ( 1.5368E-01,-9.4999E-02) ( 1.3801E-01,-7.9313E-02) ( 1.2341E-01,-6.6476E-02) ( 1.1023E-01,-5.6018E-02)
 ( 9.8444E-02,-4.7497E-02) ( 8.7532E-02,-4.0542E-02) ( 7.7513E-02,-3.4850E-02) ( 6.8548E-02,-3.0168E-02) ( 6.0520E-02,-2.6286E-02)
 ( 5.3347E-02,-2.3041E-02) ( 4.6952E-02,-2.0302E-02) ( 4.1262E-02,-1.7971E-02) ( 3.6211E-02,-1.5967E-02) ( 3.1736E-02,-1.4231E-02)
 ( 2.7778E-02,-1.2716E-02) ( 2.4284E-02,-1.1384E-02) ( 2.1206E-02,-1.0207E-02) ( 1.8499E-02,-9.1614E-03) ( 1.6121E-02,-8.2294E-03)
 ( 1.4036E-02,-7.3961E-03) ( 1.2210E-02,-6.6491E-03) ( 1.0613E-02,-5.9783E-03) ( 9.2183E-03,-5.3752E-03) ( 8.0011E-03,-4.8324E-03)
 ( 6.9400E-03,-4.3436E-03) ( 6.0160E-03,-3.9033E-03) ( 5.2120E-03,-3.5066E-03) ( 4.5131E-03,-3.1492E-03) ( 3.9059E-03,-2.8273E-03)
 ( 3.3788E-03,-2.5374E-03) ( 2.9215E-03,-2.2764E-03) ( 2.5251E-03,-2.0415E-03) ( 2.1815E-03,-1.8301E-03) ( 1.8840E-03,-1.6401E-03)
 ( 1.6265E-03,-1.4692E-03) ( 1.4037E-03,-1.3157E-03) ( 1.2110E-03,-1.1778E-03) ( 1.0444E-03,-1.0540E-03) ( 9.0052E-04,-9.4290E-04)
 ( 7.7622E-04,-8.4324E-04) ( 6.6889E-04,-7.5388E-04) ( 5.7625E-04,-6.7378E-04) ( 4.9633E-04,-6.0202E-04) ( 4.2738E-04,-5.3774E-04)
 ( 3.6793E-04,-4.8019E-04) ( 3.1669E-04,-4.2868E-04) ( 2.7252E-04,-3.8260E-04) ( 2.3447E-04,-3.4138E-04) ( 2.0170E-04,-3.0452E-04)
 ( 1.7347E-04,-2.7158E-04) ( 1.4917E-04,-2.4215E-04) ( 1.2826E-04,-2.1585E-04) ( 1.1026E-04,-1.9237E-04) ( 9.4779E-05,-1.7140E-04)
 ( 8.1460E-05,-1.5269E-04) ( 7.0005E-05,-1.3599E-04) ( 6.0156E-05,-1.2109E-04) ( 5.1688E-05,-1.0781E-04) ( 4.4410E-05,-9.5961E-05)
 ( 3.8155E-05,-8.5399E-05) ( 3.2781E-05,-7.5987E-05) ( 2.8163E-05,-6.7599E-05) ( 2.4196E-05,-6.0127E-05) ( 2.0789E-05,-5.3472E-05)
 ( 1.7863E-05,-4.7546E-05) ( 1.5351E-05,-4.2269E-05) ( 1.3194E-05,-3.7572E-05) ( 1.1341E-05,-3.3392E-05) ( 9.7514E-06,-2.9672E-05)
 ( 8.3865E-06,-2.6363E-05) ( 7.2149E-06,-2.3420E-05) ( 6.2093E-06,-2.0802E-05) ( 5.3462E-06,-1.8474E-05) ( 4.6054E-06,-1.6405E-05)
 ( 3.9696E-06,-1.4565E-05) ( 3.4238E-06,-1.2930E-05) ( 2.9555E-06,-1.1477E-05) ( 2.5520E-06,-1.0184E-05) ( 2.2077E-06,-9.0386E-06)
 ( 1.9248E-06,-8.0401E-06) (

          Real potential : Volume integral/nucleon =      1.739 MeV fm**3
                           Transition radius =   4.424 fm

          Imag potential : Volume integral/nucleon =     -2.088 MeV fm**3
                           Transition radius =   3.807 fm

  Perey factor

 ( 8.4273E-01, 6.0580E-02) ( 8.3991E-01, 6.0846E-02) ( 8.3995E-01, 6.1031E-02) ( 8.4003E-01, 6.1338E-02) ( 8.4014E-01, 6.1768E-02)
 ( 8.4028E-01, 6.2319E-02) ( 8.4046E-01, 6.2990E-02) ( 8.4068E-01, 6.3777E-02) ( 8.4095E-01, 6.4675E-02) ( 8.4128E-01, 6.5676E-02)
 ( 8.4165E-01, 6.6769E-02) ( 8.4210E-01, 6.7936E-02) ( 8.4262E-01, 6.9158E-02) ( 8.4322E-01, 7.0408E-02) ( 8.4391E-01, 7.1651E-02)
 ( 8.4471E-01, 7.2849E-02) ( 8.4563E-01, 7.3954E-02) ( 8.4669E-01, 7.4916E-02) ( 8.4789E-01, 7.5678E-02) ( 8.4927E-01, 7.6182E-02)
 ( 8.5085E-01, 7.6372E-02) ( 8.5265E-01, 7.6195E-02) ( 8.5471E-01, 7.5606E-02) ( 8.5705E-01, 7.4572E-02) ( 8.5972E-01, 7.3074E-02)
 ( 8.6275E-01, 7.1112E-02) ( 8.6618E-01, 6.8702E-02) ( 8.7004E-01, 6.5880E-02) ( 8.7435E-01, 6.2696E-02) ( 8.7914E-01, 5.9216E-02)
 ( 8.8439E-01, 5.5513E-02) ( 8.9010E-01, 5.1665E-02) ( 8.9621E-01, 4.7752E-02) ( 9.0266E-01, 4.3846E-02) ( 9.0938E-01, 4.0015E-02)
 ( 9.1627E-01, 3.6314E-02) ( 9.2322E-01, 3.2787E-02) ( 9.3011E-01, 2.9467E-02) ( 9.3685E-01, 2.6376E-02) ( 9.4333E-01, 2.3525E-02)
 ( 9.4948E-01, 2.0916E-02) ( 9.5523E-01, 1.8546E-02) ( 9.6054E-01, 1.6406E-02) ( 9.6539E-01, 1.4484E-02) ( 9.6976E-01, 1.2764E-02)
 ( 9.7367E-01, 1.1232E-02) ( 9.7714E-01, 9.8704E-03) ( 9.8019E-01, 8.6643E-03) ( 9.8286E-01, 7.5982E-03) ( 9.8518E-01, 6.6576E-03)
 ( 9.8719E-01, 5.8291E-03) ( 9.8892E-01, 5.1005E-03) ( 9.9040E-01, 4.4604E-03) ( 9.9168E-01, 3.8988E-03) ( 9.9276E-01, 3.4064E-03)
 ( 9.9369E-01, 2.9751E-03) ( 9.9448E-01, 2.5976E-03) ( 9.9515E-01, 2.2674E-03) ( 9.9572E-01, 1.9786E-03) ( 9.9620E-01, 1.7263E-03)
 ( 9.9662E-01, 1.5058E-03) ( 9.9697E-01, 1.3133E-03) ( 9.9726E-01, 1.1453E-03) ( 9.9752E-01, 9.9863E-04) ( 9.9773E-01, 8.7067E-04)
 ( 9.9792E-01, 7.5904E-04) ( 9.9807E-01, 6.6168E-04) ( 9.9821E-01, 5.7677E-04) ( 9.9832E-01, 5.0274E-04) ( 9.9842E-01, 4.3819E-04)
 ( 9.9851E-01, 3.8192E-04) ( 9.9858E-01, 3.3287E-04) ( 9.9865E-01, 2.9011E-04) ( 9.9870E-01, 2.5284E-04) ( 9.9875E-01, 2.2036E-04)
 ( 9.9879E-01, 1.9206E-04) ( 9.9883E-01, 1.6738E-04) ( 9.9887E-01, 1.4588E-04) ( 9.9890E-01, 1.2714E-04) ( 9.9892E-01, 1.1082E-04)
 ( 9.9895E-01, 9.6584E-05) ( 9.9897E-01, 8.4182E-05) ( 9.9899E-01, 7.3374E-05) ( 9.9901E-01, 6.3954E-05) ( 9.9903E-01, 5.5745E-05)
 ( 9.9904E-01, 4.8591E-05) ( 9.9906E-01, 4.2356E-05) ( 9.9907E-01, 3.6922E-05) ( 9.9909E-01, 3.2186E-05) ( 9.9910E-01, 2.8058E-05)
 ( 9.9911E-01, 2.4460E-05) ( 9.9912E-01, 2.1324E-05) ( 9.9913E-01, 1.8590E-05) ( 9.9914E-01, 1.6208E-05) ( 9.9915E-01, 1.4131E-05)
 ( 9.9916E-01, 1.2321E-05) ( 9.9917E-01, 1.0742E-05) ( 9.9918E-01, 9.3667E-06) ( 9.9919E-01, 8.1673E-06) ( 9.9920E-01, 7.1217E-06)
 ( 9.9921E-01, 6.2102E-06) ( 9.9922E-01, 5.4155E-06) ( 9.9922E-01, 4.7226E-06) ( 9.9923E-01, 4.1185E-06) ( 9.9924E-01, 3.5917E-06)
 ( 9.9925E-01, 3.1324E-06) ( 9.9925E-01, 2.7320E-06) ( 9.9926E-01, 2.3827E-06) ( 9.9927E-01, 2.0782E-06) ( 9.9927E-01, 1.8127E-06)
 ( 9.9928E-01, 1.5811E-06) ( 9.9929E-01, 1.3792E-06) ( 9.9929E-01, 1.2030E-06) ( 9.9930E-01, 1.0494E-06) ( 9.9931E-01, 9.1546E-07)
 ( 9.9931E-01, 7.9862E-07) ( 9.9932E-01, 6.9671E-07) ( 9.9932E-01, 6.0782E-07) ( 9.9933E-01, 5.3028E-07) ( 9.9934E-01, 4.6265E-07)
 ( 9.9934E-01, 4.0365E-07) ( 9.9935E-01, 3.5219E-07) ( 9.9935E-01, 3.0730E-07) ( 9.9936E-01, 2.6813E-07) ( 9.9936E-01, 2.3397E-07)
 ( 9.9937E-01, 2.0416E-07) (
 DERIVED DATA  EPCM, RMU, K, ETA =   93.0597    1.0790    2.1918    0.3392

 S-MATRIX ELEMENTS
   L   J    REAL  PART    IMAG  PART    J    REAL  PART    IMAG  PART    J    REAL  PART    IMAG  PART  
   0  0.5  -0.6534E+00   -0.9158E-01 -0.5   0.0000E+00    0.0000E+00
   1  1.5  -0.5596E+00    0.3004E+00  0.5  -0.4823E+00    0.3801E+00
   2  2.5  -0.4073E+00    0.4424E+00  1.5  -0.2371E+00    0.5009E+00
   3  3.5  -0.2887E+00    0.5525E+00  2.5  -0.3743E-01    0.4951E+00
   4  4.5  -0.1695E+00    0.7075E+00  3.5   0.1771E+00    0.4315E+00
   5  5.5  -0.5282E-01    0.8296E+00  4.5   0.3523E+00    0.3715E+00
   6  6.5   0.8060E-01    0.8684E+00  5.5   0.4693E+00    0.3512E+00
   7  7.5   0.2947E+00    0.8189E+00  6.5   0.5712E+00    0.3349E+00
   8  8.5   0.5644E+00    0.6611E+00  7.5   0.6827E+00    0.2897E+00
   9  9.5   0.7751E+00    0.4405E+00  8.5   0.7899E+00    0.2170E+00
  10 10.5   0.8882E+00    0.2535E+00  9.5   0.8717E+00    0.1412E+00
  11 11.5   0.9411E+00    0.1350E+00 10.5   0.9247E+00    0.8248E-01
  12 12.5   0.9671E+00    0.6947E-01 11.5   0.9564E+00    0.4467E-01
  13 13.5   0.9810E+00    0.3545E-01 12.5   0.9749E+00    0.2294E-01
  14 14.5   0.9889E+00    0.1844E-01 13.5   0.9856E+00    0.1131E-01
  15 15.5   0.9936E+00    0.1001E-01 14.5   0.9918E+00    0.5353E-02
  16 16.5   0.9963E+00    0.5706E-02 15.5   0.9954E+00    0.2396E-02
  17 17.5   0.9979E+00    0.3539E-02 16.5   0.9974E+00    0.9713E-03
  18 18.5   0.9988E+00    0.2514E-02 17.5   0.9986E+00    0.2957E-03
  19 19.5   0.9993E+00    0.1944E-02 18.5   0.9992E+00   -0.1210E-04
  20 20.5   0.9996E+00    0.1443E-02 19.5   0.9996E+00   -0.1231E-03
  21 21.5   0.9998E+00    0.9462E-03 20.5   0.9998E+00   -0.1283E-03
  22 22.5   0.9999E+00    0.5332E-03 21.5   0.9999E+00   -0.9107E-04
  23 23.5   0.1000E+01    0.2581E-03 22.5   0.1000E+01   -0.5113E-04
  24 24.5   0.1000E+01    0.1082E-03 23.5   0.1000E+01   -0.2390E-04
  25 25.5   0.1000E+01    0.3972E-04 24.5   0.1000E+01   -0.9562E-05
  26 26.5   0.1000E+01    0.1289E-04 25.5   0.1000E+01   -0.3334E-05
  27 27.5   0.1000E+01    0.3732E-05 26.5   0.1000E+01   -0.1028E-05
  28 28.5   0.1000E+01    0.9707E-06 27.5   0.1000E+01   -0.2830E-06
  29 29.5   0.1000E+01    0.2284E-06 28.5   0.1000E+01   -0.7029E-07
  30 30.5   0.1000E+01    0.4890E-07 29.5   0.1000E+01   -0.1588E-07
  31 31.5   0.1000E+01    0.9570E-08 30.5   0.1000E+01   -0.3283E-08
  32 32.5   0.1000E+01    0.1719E-08 31.5   0.1000E+01   -0.6254E-09
  33 33.5   0.1000E+01    0.2844E-09 32.5   0.1000E+01   -0.1104E-09
  34 34.5   0.1000E+01    0.4347E-10 33.5   0.1000E+01   -0.1813E-10
  35 35.5   0.1000E+01    0.6154E-11 34.5   0.1000E+01   -0.2785E-11
  36 36.5   0.1000E+01    0.8082E-12 35.5   0.1000E+01   -0.4016E-12
  37 37.5   0.1000E+01    0.9861E-13 36.5   0.1000E+01   -0.5453E-13
  38 38.5   0.1000E+01    0.1118E-13 37.5   0.1000E+01   -0.6993E-14
  39 39.5   0.1000E+01    0.1179E-14 38.5   0.1000E+01   -0.8489E-15
  40 40.5   0.1000E+01    0.1154E-15 39.5   0.1000E+01   -0.9775E-16
  41 41.5   0.1000E+01    0.1045E-16 40.5   0.1000E+01   -0.1069E-16
  42 42.5   0.1000E+01    0.8700E-18 41.5   0.1000E+01   -0.1113E-17
  43 43.5   0.1000E+01    0.6590E-19 42.5   0.1000E+01   -0.1103E-18
  44 44.5   0.1000E+01    0.4438E-20 43.5   0.1000E+01   -0.1041E-19
  45 45.5   0.1000E+01    0.2517E-21 44.5   0.1000E+01   -0.9380E-21
  46 46.5   0.1000E+01    0.1005E-22 45.5   0.1000E+01   -0.8060E-22
  47 47.5   0.1000E+01    0.0000E+00 46.5   0.1000E+01   -0.6554E-23
  48 48.5   0.1000E+01   -0.9820E-25 47.5   0.1000E+01   -0.4910E-24
  49 49.5   0.1000E+01   -0.7603E-25 48.5   0.1000E+01   -0.1014E-24
  50 50.5   0.1000E+01   -0.2558E-25 49.5   0.1000E+01    0.0000E+00


 REACTION CROSS SECTION IN MB IS  3.5929E+02


 ***calling damp.f, line 571
 ***calling radinterp.f, line 587
 ***calling waveb.f, line 592
 ***reading input card 17... ln 609

 **************************************************************************************************************
 INCIDENT ENERGY = 100.000 MEV    LMAX      IN = 50   BOUND STATE        DETECTED
 BINDING  ENERGY =   7.040 MEV    LMAX     OUT = 50   N =       5         ENERGY =  91.180 MEV
 FREE    Q-VALUE =   0.000 MEV    LMAX CLUSTER = 40   L =       0         ANGLE1 =  15.000 DEGREES
 TOTAL   Q-VALUE =  -7.040 MEV    STEP IN F.= 0.100  VN =  90.552         ANGLE2 = -72.090 DEGREES
                                         NSTEP =121                       BETA2  =  0.000 DEGREES
                                         RLOW  = 0.000F.
 ***calling prolog.f (ln 650), with: 
   1.0069999999999999        40.000000000000000        1.0069999999999999        4.0000000000000000     
  -7.0400000000000000        0.0000000000000000     
   15.000000000000000       -72.090000000000003        0.0000000000000000     
   100.00000000000000        91.180000000000007        0.0000000000000000        0.0000000000000000        0.0000000000000000        0.0000000000000000        0.0000000000000000        0.0000000000000000        0.0000000000000000        0.0000000000000000        0.0000000000000000        0.0000000000000000        0.0000000000000000     
   0.0000000000000000        0.0000000000000000        0.0000000000000000        0.0000000000000000        0.0000000000000000     
   0.0000000000000000        0.0000000000000000        0.0000000000000000        0.0000000000000000        0.0000000000000000        0.0000000000000000        0.0000000000000000     
   0.0000000000000000        0.0000000000000000        0.0000000000000000        0.0000000000000000        0.0000000000000000        0.0000000000000000        0.0000000000000000        0.0000000000000000        0.0000000000000000     
   0.0000000000000000        0.0000000000000000        0.0000000000000000     
   0.0000000000000000        0.0000000000000000        0.0000000000000000     
 *** POFF, PON, POFF/PON =   3.491E+02   3.329E+02   1.049E+00  ***   ANGLE =     19.287
 VECTORS FOR PARTICLE D
 VD -9.9745E-01  1.2215E-16 -7.1410E-02
 XD  7.1410E-02 -8.7449E-18 -9.9745E-01
 YD -1.2246E-16 -1.0000E+00  0.0000E+00
 ***comput. dst.waves for emitt. particles, ln741

 -------------------------------------------------------------
 *************************** c + B ***************************
 -------------------------------------------------------------
 ***calling dstwav.f, line 746

 DISTORTED WAVE SUBROUTINE
 NO NON-LOCAL CORRECTION

 TARGET-MASS 36.007 CHARGE 18.000     PROJECTILE-ENERGY  91.639 MASS  1.007 CHARGE  1.000 SPIN  0.500

 *****  RELATIVISTIC KINEMATICS  *****
 ***calling potset() from dstwav.f... ln 66
 ***pots print flag, iacd=           2
 *** PROTON OM OPT=   3   Dirac -   Cooper et al        
                    Optical potential from Dirac phenomenology
                    Version EDAIC  from Cooper et al., PR C47 (93) 297
 ***calling dp() from potset.f, ln 283
 dpfile                                                                          
      dpdatdpfile                                                                          
          WARNING: extrapolation in mass ill-advised.
1

          Lorentz scalar and vector potentials from Dirac phenomenology
          =============================================================

                    recoil factors: scalar =    0.970     vector =    0.970

  Scalar potential

 (-3.2918E+02, 9.6621E+01) (-3.2914E+02, 9.6760E+01) (-3.2904E+02, 9.7178E+01) (-3.2887E+02, 9.7874E+01) (-3.2861E+02, 9.8849E+01)
 (-3.2827E+02, 1.0010E+02) (-3.2783E+02, 1.0162E+02) (-3.2728E+02, 1.0341E+02) (-3.2660E+02, 1.0544E+02) (-3.2575E+02, 1.0768E+02)
 (-3.2473E+02, 1.1010E+02) (-3.2349E+02, 1.1264E+02) (-3.2199E+02, 1.1523E+02) (-3.2020E+02, 1.1777E+02) (-3.1804E+02, 1.2014E+02)
 (-3.1547E+02, 1.2223E+02) (-3.1242E+02, 1.2389E+02) (-3.0880E+02, 1.2496E+02) (-3.0453E+02, 1.2533E+02) (-2.9952E+02, 1.2485E+02)
 (-2.9367E+02, 1.2344E+02) (-2.8691E+02, 1.2104E+02) (-2.7913E+02, 1.1766E+02) (-2.7026E+02, 1.1332E+02) (-2.6027E+02, 1.0813E+02)
 (-2.4913E+02, 1.0222E+02) (-2.3688E+02, 9.5736E+01) (-2.2358E+02, 8.8864E+01) (-2.0936E+02, 8.1780E+01) (-1.9442E+02, 7.4654E+01)
 (-1.7897E+02, 6.7635E+01) (-1.6328E+02, 6.0850E+01) (-1.4763E+02, 5.4397E+01) (-1.3230E+02, 4.8349E+01) (-1.1754E+02, 4.2750E+01)
 (-1.0357E+02, 3.7625E+01) (-9.0560E+01, 3.2978E+01) (-7.8616E+01, 2.8801E+01) (-6.7803E+01, 2.5072E+01) (-5.8135E+01, 2.1766E+01)
 (-4.9586E+01, 1.8849E+01) (-4.2100E+01, 1.6289E+01) (-3.5601E+01, 1.4051E+01) (-3.0001E+01, 1.2101E+01) (-2.5207E+01, 1.0407E+01)
 (-2.1125E+01, 8.9399E+00) (-1.7666E+01, 7.6719E+00) (-1.4747E+01, 6.5779E+00) (-1.2291E+01, 5.6357E+00) (-1.0231E+01, 4.8254E+00)
 (-8.5065E+00, 4.1293E+00) (-7.0666E+00, 3.5320E+00) (-5.8660E+00, 3.0198E+00) (-4.8663E+00, 2.5810E+00) (-4.0348E+00, 2.2054E+00)
 (-3.3440E+00, 1.8839E+00) (-2.7704E+00, 1.6089E+00) (-2.2946E+00, 1.3738E+00) (-1.9000E+00, 1.1729E+00) (-1.5729E+00, 1.0013E+00)
 (-1.3019E+00, 8.5462E-01) (-1.0775E+00, 7.2939E-01) (-8.9159E-01, 6.2245E-01) (-7.3772E-01, 5.3115E-01) (-6.1036E-01, 4.5322E-01)
 (-5.0495E-01, 3.8670E-01) (-4.1772E-01, 3.2993E-01) (-3.4554E-01, 2.8149E-01) (-2.8583E-01, 2.4014E-01) (-2.3642E-01, 2.0487E-01)
 (-1.9555E-01, 1.7477E-01) (-1.6175E-01, 1.4909E-01) (-1.3378E-01, 1.2719E-01) (-1.1065E-01, 1.0850E-01) (-9.1516E-02, 9.2550E-02)
 (-7.5691E-02, 7.8948E-02) (-6.2601E-02, 6.7344E-02) (-5.1775E-02, 5.7445E-02) (-4.2821E-02, 4.9001E-02) (-3.5415E-02, 4.1798E-02)
 (-2.9290E-02, 3.5654E-02) (-2.4224E-02, 3.0412E-02) (-2.0035E-02, 2.5942E-02) (-1.6569E-02, 2.2128E-02) (-1.3704E-02, 1.8875E-02)
 (-1.1333E-02, 1.6100E-02) (-9.3732E-03, 1.3733E-02) (-7.7520E-03, 1.1714E-02) (-6.4112E-03, 9.9918E-03) (-5.3023E-03, 8.5228E-03)
 (-4.3852E-03, 7.2698E-03) (-3.6267E-03, 6.2009E-03) (-2.9994E-03, 5.2893E-03) (-2.4806E-03, 4.5116E-03) (-2.0516E-03, 3.8483E-03)
 (-1.6967E-03, 3.2825E-03) (-1.4032E-03, 2.7999E-03) (-1.1605E-03, 2.3883E-03) (-9.5979E-04, 2.0371E-03) (-7.9378E-04, 1.7376E-03)
 (-6.5648E-04, 1.4821E-03) (-5.4294E-04, 1.2642E-03) (-4.4903E-04, 1.0784E-03) (-3.7136E-04, 9.1981E-04) (-3.0713E-04, 7.8458E-04)
 (-2.5400E-04, 6.6922E-04) (-2.1007E-04, 5.7083E-04) (-1.7374E-04, 4.8690E-04) (-1.4369E-04, 4.1532E-04) (-1.1883E-04, 3.5425E-04)
 (-9.8279E-05, 3.0217E-04) (-8.1280E-05, 2.5774E-04) (-6.7221E-05, 2.1985E-04) (-5.5594E-05, 1.8752E-04) (-4.5978E-05, 1.5995E-04)
 (-3.8026E-05, 1.3644E-04) (-3.1448E-05, 1.1638E-04) (-2.6009E-05, 9.9266E-05) (-2.1510E-05, 8.4672E-05) (-1.7790E-05, 7.2223E-05)
 (-1.4713E-05, 6.1604E-05) (-1.2168E-05, 5.2547E-05) (-1.0063E-05, 4.4821E-05) (-8.3227E-06, 3.8231E-05) (-6.8831E-06, 3.2610E-05)
 (-5.6926E-06, 2.7816E-05) (

          Real potential : Volume integral/nucleon =  -1457.041 MeV fm**3
                           Transition radius =   3.089 fm

          Imag potential : Volume integral/nucleon =    579.439 MeV fm**3
                           Transition radius =   3.173 fm

  Vector potential

 ( 2.6237E+02,-7.3559E+01) ( 2.6235E+02,-7.3776E+01) ( 2.6230E+02,-7.4427E+01) ( 2.6221E+02,-7.5504E+01) ( 2.6208E+02,-7.6998E+01)
 ( 2.6191E+02,-7.8891E+01) ( 2.6168E+02,-8.1160E+01) ( 2.6140E+02,-8.3771E+01) ( 2.6103E+02,-8.6679E+01) ( 2.6058E+02,-8.9824E+01)
 ( 2.6001E+02,-9.3133E+01) ( 2.5931E+02,-9.6516E+01) ( 2.5845E+02,-9.9867E+01) ( 2.5740E+02,-1.0307E+02) ( 2.5611E+02,-1.0599E+02)
 ( 2.5453E+02,-1.0849E+02) ( 2.5261E+02,-1.1045E+02) ( 2.5028E+02,-1.1174E+02) ( 2.4747E+02,-1.1225E+02) ( 2.4408E+02,-1.1191E+02)
 ( 2.4003E+02,-1.1068E+02) ( 2.3521E+02,-1.0854E+02) ( 2.2953E+02,-1.0554E+02) ( 2.2289E+02,-1.0173E+02) ( 2.1521E+02,-9.7228E+01)
 ( 2.0644E+02,-9.2144E+01) ( 1.9656E+02,-8.6619E+01) ( 1.8561E+02,-8.0794E+01) ( 1.7367E+02,-7.4808E+01) ( 1.6091E+02,-6.8789E+01)
 ( 1.4753E+02,-6.2849E+01) ( 1.3382E+02,-5.7083E+01) ( 1.2005E+02,-5.1565E+01) ( 1.0654E+02,-4.6352E+01) ( 9.3547E+01,-4.1481E+01)
 ( 8.1319E+01,-3.6973E+01) ( 7.0029E+01,-3.2837E+01) ( 5.9791E+01,-2.9070E+01) ( 5.0657E+01,-2.5663E+01) ( 4.2626E+01,-2.2598E+01)
 ( 3.5655E+01,-1.9855E+01) ( 2.9670E+01,-1.7410E+01) ( 2.4582E+01,-1.5241E+01) ( 2.0290E+01,-1.3322E+01) ( 1.6695E+01,-1.1629E+01)
 ( 1.3701E+01,-1.0139E+01) ( 1.1219E+01,-8.8318E+00) ( 9.1709E+00,-7.6862E+00) ( 7.4853E+00,-6.6840E+00) ( 6.1020E+00,-5.8087E+00)
 ( 4.9694E+00,-5.0451E+00) ( 4.0437E+00,-4.3796E+00) ( 3.2883E+00,-3.8003E+00) ( 2.6725E+00,-3.2964E+00) ( 2.1711E+00,-2.8583E+00)
 ( 1.7631E+00,-2.4778E+00) ( 1.4314E+00,-2.1474E+00) ( 1.1618E+00,-1.8606E+00) ( 9.4278E-01,-1.6119E+00) ( 7.6494E-01,-1.3961E+00)
 ( 6.2057E-01,-1.2091E+00) ( 5.0339E-01,-1.0470E+00) ( 4.0831E-01,-9.0657E-01) ( 3.3116E-01,-7.8488E-01) ( 2.6857E-01,-6.7947E-01)
 ( 2.1781E-01,-5.8818E-01) ( 1.7663E-01,-5.0913E-01) ( 1.4323E-01,-4.4068E-01) ( 1.1615E-01,-3.8141E-01) ( 9.4182E-02,-3.3010E-01)
 ( 7.6369E-02,-2.8569E-01) ( 6.1925E-02,-2.4724E-01) ( 5.0212E-02,-2.1397E-01) ( 4.0714E-02,-1.8516E-01) ( 3.3013E-02,-1.6023E-01)
 ( 2.6768E-02,-1.3866E-01) ( 2.1704E-02,-1.1999E-01) ( 1.7599E-02,-1.0383E-01) ( 1.4269E-02,-8.9847E-02) ( 1.1570E-02,-7.7746E-02)
 ( 9.3812E-03,-6.7275E-02) ( 7.6065E-03,-5.8213E-02) ( 6.1675E-03,-5.0372E-02) ( 5.0008E-03,-4.3587E-02) ( 4.0547E-03,-3.7715E-02)
 ( 3.2876E-03,-3.2635E-02) ( 2.6657E-03,-2.8238E-02) ( 2.1614E-03,-2.4434E-02) ( 1.7525E-03,-2.1142E-02) ( 1.4210E-03,-1.8294E-02)
 ( 1.1521E-03,-1.5830E-02) ( 9.3417E-04,-1.3697E-02) ( 7.5744E-04,-1.1852E-02) ( 6.1415E-04,-1.0255E-02) ( 4.9796E-04,-8.8733E-03)
 ( 4.0376E-04,-7.6778E-03) ( 3.2737E-04,-6.6434E-03) ( 2.6544E-04,-5.7484E-03) ( 2.1522E-04,-4.9739E-03) ( 1.7451E-04,-4.3038E-03)
 ( 1.4149E-04,-3.7239E-03) ( 1.1472E-04,-3.2222E-03) ( 9.3021E-05,-2.7881E-03) ( 7.5423E-05,-2.4124E-03) ( 6.1154E-05,-2.0874E-03)
 ( 4.9585E-05,-1.8062E-03) ( 4.0204E-05,-1.5628E-03) ( 3.2598E-05,-1.3523E-03) ( 2.6431E-05,-1.1701E-03) ( 2.1431E-05,-1.0124E-03)
 ( 1.7377E-05,-8.7602E-04) ( 1.4089E-05,-7.5799E-04) ( 1.1424E-05,-6.5587E-04) ( 9.2626E-06,-5.6750E-04) ( 7.5103E-06,-4.9104E-04)
 ( 6.0895E-06,-4.2488E-04) ( 4.9374E-06,-3.6764E-04) ( 4.0034E-06,-3.1810E-04) ( 3.2460E-06,-2.7525E-04) ( 2.6319E-06,-2.3816E-04)
 ( 2.1340E-06,-2.0607E-04) ( 1.7303E-06,-1.7831E-04) ( 1.4029E-06,-1.5429E-04) ( 1.1375E-06,-1.3350E-04) ( 9.2233E-07,-1.1551E-04)
 ( 7.4784E-07,-9.9949E-05) (

          Real potential : Volume integral/nucleon =   1140.714 MeV fm**3
                           Transition radius =   2.995 fm

          Imag potential : Volume integral/nucleon =   -561.611 MeV fm**3
                           Transition radius =   3.333 fm
 ***calling coulpot() from potset.f... ln 299
 COULOMB   RADIUS    1.3000


  Darwin potential

 ( 4.5902E-03,-7.9881E-03) ( 2.0420E-03,-3.0557E-03) (-5.0614E-04, 1.8768E-03) (-3.1954E-03, 1.0557E-03) (-5.7458E-03, 1.9779E-03)
 (-8.6951E-03, 3.2396E-03) (-1.1995E-02, 4.9180E-03) (-1.5378E-02, 7.0703E-03) (-1.8502E-02, 9.7393E-03) (-2.0943E-02, 1.2933E-02)
 (-2.2229E-02, 1.6599E-02) (-2.1901E-02, 2.0600E-02) (-1.9611E-02, 2.4681E-02) (-1.5243E-02, 2.8444E-02) (-9.0382E-03, 3.1319E-02)
 (-1.6825E-03, 3.2540E-02) ( 5.7033E-03, 3.1114E-02) ( 1.1711E-02, 2.5808E-02) ( 1.4956E-02, 1.5146E-02) ( 1.4524E-02,-2.5060E-03)
 ( 1.0450E-02,-2.8755E-02) ( 4.0740E-03,-6.4825E-02) (-1.8964E-03,-1.1107E-01) (-3.7559E-03,-1.6644E-01) ( 2.3956E-03,-2.2814E-01)
 ( 1.9574E-02,-2.9160E-01) ( 4.8868E-02,-3.5098E-01) ( 8.8805E-02,-4.0020E-01) ( 1.3541E-01,-4.3408E-01) ( 1.8301E-01,-4.4944E-01)
 ( 2.2555E-01,-4.4571E-01) ( 2.5803E-01,-4.2483E-01) ( 2.7749E-01,-3.9064E-01) ( 2.8337E-01,-3.4791E-01) ( 2.7718E-01,-3.0137E-01)
 ( 2.6173E-01,-2.5501E-01) ( 2.4030E-01,-2.1173E-01) ( 2.1591E-01,-1.7323E-01) ( 1.9093E-01,-1.4028E-01) ( 1.6700E-01,-1.1289E-01)
 ( 1.4502E-01,-9.0630E-02) ( 1.2536E-01,-7.2840E-02) ( 1.0821E-01,-5.8789E-02) ( 9.3535E-02,-4.7761E-02) ( 8.0849E-02,-3.9119E-02)
 ( 6.9727E-02,-3.2348E-02) ( 6.0100E-02,-2.7026E-02) ( 5.1820E-02,-2.2812E-02) ( 4.4668E-02,-1.9442E-02) ( 3.8487E-02,-1.6717E-02)
 ( 3.3140E-02,-1.4486E-02) ( 2.8514E-02,-1.2635E-02) ( 2.4512E-02,-1.1080E-02) ( 2.1052E-02,-9.7595E-03) ( 1.8062E-02,-8.6256E-03)
 ( 1.5482E-02,-7.6433E-03) ( 1.3258E-02,-6.7859E-03) ( 1.1342E-02,-6.0329E-03) ( 9.6948E-03,-5.3685E-03) ( 8.2793E-03,-4.7800E-03)
 ( 7.0646E-03,-4.2572E-03) ( 6.0235E-03,-3.7920E-03) ( 5.1320E-03,-3.3774E-03) ( 4.3693E-03,-3.0075E-03) ( 3.7176E-03,-2.6774E-03)
 ( 3.1611E-03,-2.3827E-03) ( 2.6864E-03,-2.1197E-03) ( 2.2817E-03,-1.8849E-03) ( 1.9369E-03,-1.6754E-03) ( 1.6435E-03,-1.4885E-03)
 ( 1.3938E-03,-1.3219E-03) ( 1.1816E-03,-1.1735E-03) ( 1.0012E-03,-1.0412E-03) ( 8.4807E-04,-9.2350E-04) ( 7.1808E-04,-8.1873E-04)
 ( 6.0779E-04,-7.2556E-04) ( 5.1427E-04,-6.4274E-04) ( 4.3500E-04,-5.6916E-04) ( 3.6784E-04,-5.0381E-04) ( 3.1096E-04,-4.4580E-04)
 ( 2.6280E-04,-3.9434E-04) ( 2.2204E-04,-3.4870E-04) ( 1.8756E-04,-3.0824E-04) ( 1.5840E-04,-2.7239E-04) ( 1.3374E-04,-2.4063E-04)
 ( 1.1290E-04,-2.1252E-04) ( 9.5290E-05,-1.8763E-04) ( 8.0414E-05,-1.6561E-04) ( 6.7850E-05,-1.4614E-04) ( 5.7243E-05,-1.2892E-04)
 ( 4.8288E-05,-1.1371E-04) ( 4.0731E-05,-1.0026E-04) ( 3.4355E-05,-8.8383E-05) ( 2.8976E-05,-7.7894E-05) ( 2.4439E-05,-6.8635E-05)
 ( 2.0613E-05,-6.0463E-05) ( 1.7388E-05,-5.3252E-05) ( 1.4668E-05,-4.6892E-05) ( 1.2376E-05,-4.1283E-05) ( 1.0444E-05,-3.6338E-05)
 ( 8.8165E-06,-3.1979E-05) ( 7.4447E-06,-2.8137E-05) ( 6.2890E-06,-2.4753E-05) ( 5.3152E-06,-2.1772E-05) ( 4.4948E-06,-1.9146E-05)
 ( 3.8036E-06,-1.6834E-05) ( 3.2213E-06,-1.4799E-05) ( 2.7306E-06,-1.3008E-05) ( 2.3172E-06,-1.1432E-05) ( 1.9688E-06,-1.0045E-05)
 ( 1.6752E-06,-8.8256E-06) ( 1.4276E-06,-7.7528E-06) ( 1.2189E-06,-6.8094E-06) ( 1.0428E-06,-5.9800E-06) ( 8.9426E-07,-5.2509E-06)
 ( 7.6883E-07,-4.6100E-06) ( 6.6289E-07,-4.0469E-06) ( 5.7335E-07,-3.5521E-06) ( 4.9762E-07,-3.1174E-06) ( 4.3351E-07,-2.7356E-06)
 ( 3.7919E-07,-2.4002E-06) ( 3.3311E-07,-2.1057E-06) ( 2.9400E-07,-1.8472E-06) ( 2.6030E-07,-1.6198E-06) ( 2.3218E-07,-1.4208E-06)
 ( 2.1179E-07,-1.2500E-06) (

          Real potential : Volume integral/nucleon =      1.906 MeV fm**3
                           Transition radius =   4.075 fm

          Imag potential : Volume integral/nucleon =     -2.112 MeV fm**3
                           Transition radius =   3.620 fm

  Perey factor

 ( 8.3742E-01, 5.1775E-02) ( 8.3477E-01, 5.2048E-02) ( 8.3484E-01, 5.2369E-02) ( 8.3495E-01, 5.2903E-02) ( 8.3512E-01, 5.3646E-02)
 ( 8.3534E-01, 5.4590E-02) ( 8.3563E-01, 5.5728E-02) ( 8.3598E-01, 5.7044E-02) ( 8.3641E-01, 5.8518E-02) ( 8.3692E-01, 6.0123E-02)
 ( 8.3754E-01, 6.1822E-02) ( 8.3827E-01, 6.3568E-02) ( 8.3913E-01, 6.5306E-02) ( 8.4014E-01, 6.6968E-02) ( 8.4132E-01, 6.8478E-02)
 ( 8.4269E-01, 6.9755E-02) ( 8.4429E-01, 7.0713E-02) ( 8.4615E-01, 7.1270E-02) ( 8.4830E-01, 7.1352E-02) ( 8.5080E-01, 7.0897E-02)
 ( 8.5369E-01, 6.9868E-02) ( 8.5703E-01, 6.8249E-02) ( 8.6087E-01, 6.6053E-02) ( 8.6526E-01, 6.3322E-02) ( 8.7024E-01, 6.0121E-02)
 ( 8.7584E-01, 5.6538E-02) ( 8.8204E-01, 5.2672E-02) ( 8.8881E-01, 4.8631E-02) ( 8.9608E-01, 4.4521E-02) ( 9.0376E-01, 4.0437E-02)
 ( 9.1171E-01, 3.6463E-02) ( 9.1977E-01, 3.2666E-02) ( 9.2779E-01, 2.9097E-02) ( 9.3561E-01, 2.5787E-02) ( 9.4309E-01, 2.2755E-02)
 ( 9.5011E-01, 2.0003E-02) ( 9.5658E-01, 1.7529E-02) ( 9.6247E-01, 1.5319E-02) ( 9.6773E-01, 1.3357E-02) ( 9.7239E-01, 1.1623E-02)
 ( 9.7647E-01, 1.0098E-02) ( 9.8000E-01, 8.7608E-03) ( 9.8303E-01, 7.5915E-03) ( 9.8562E-01, 6.5714E-03) ( 9.8781E-01, 5.6834E-03)
 ( 9.8966E-01, 4.9116E-03) ( 9.9122E-01, 4.2419E-03) ( 9.9252E-01, 3.6615E-03) ( 9.9361E-01, 3.1589E-03) ( 9.9452E-01, 2.7242E-03)
 ( 9.9528E-01, 2.3485E-03) ( 9.9591E-01, 2.0239E-03) ( 9.9643E-01, 1.7438E-03) ( 9.9687E-01, 1.5021E-03) ( 9.9723E-01, 1.2937E-03)
 ( 9.9753E-01, 1.1140E-03) ( 9.9778E-01, 9.5912E-04) ( 9.9799E-01, 8.2571E-04) ( 9.9817E-01, 7.1079E-04) ( 9.9832E-01, 6.1182E-04)
 ( 9.9844E-01, 5.2660E-04) ( 9.9855E-01, 4.5324E-04) ( 9.9863E-01, 3.9008E-04) ( 9.9871E-01, 3.3572E-04) ( 9.9877E-01, 2.8893E-04)
 ( 9.9883E-01, 2.4866E-04) ( 9.9888E-01, 2.1401E-04) ( 9.9892E-01, 1.8419E-04) ( 9.9895E-01, 1.5852E-04) ( 9.9899E-01, 1.3643E-04)
 ( 9.9901E-01, 1.1743E-04) ( 9.9904E-01, 1.0107E-04) ( 9.9906E-01, 8.6997E-05) ( 9.9908E-01, 7.4884E-05) ( 9.9910E-01, 6.4460E-05)
 ( 9.9912E-01, 5.5489E-05) ( 9.9913E-01, 4.7768E-05) ( 9.9915E-01, 4.1123E-05) ( 9.9916E-01, 3.5404E-05) ( 9.9918E-01, 3.0482E-05)
 ( 9.9919E-01, 2.6245E-05) ( 9.9920E-01, 2.2597E-05) ( 9.9921E-01, 1.9458E-05) ( 9.9922E-01, 1.6755E-05) ( 9.9923E-01, 1.4429E-05)
 ( 9.9924E-01, 1.2426E-05) ( 9.9925E-01, 1.0701E-05) ( 9.9926E-01, 9.2163E-06) ( 9.9927E-01, 7.9379E-06) ( 9.9928E-01, 6.8371E-06)
 ( 9.9929E-01, 5.8892E-06) ( 9.9929E-01, 5.0730E-06) ( 9.9930E-01, 4.3700E-06) ( 9.9931E-01, 3.7647E-06) ( 9.9932E-01, 3.2433E-06)
 ( 9.9932E-01, 2.7943E-06) ( 9.9933E-01, 2.4075E-06) ( 9.9934E-01, 2.0743E-06) ( 9.9935E-01, 1.7874E-06) ( 9.9935E-01, 1.5402E-06)
 ( 9.9936E-01, 1.3272E-06) ( 9.9937E-01, 1.1437E-06) ( 9.9937E-01, 9.8567E-07) ( 9.9938E-01, 8.4949E-07) ( 9.9938E-01, 7.3215E-07)
 ( 9.9939E-01, 6.3104E-07) ( 9.9940E-01, 5.4392E-07) ( 9.9940E-01, 4.6885E-07) ( 9.9941E-01, 4.0415E-07) ( 9.9941E-01, 3.4840E-07)
 ( 9.9942E-01, 3.0034E-07) ( 9.9942E-01, 2.5893E-07) ( 9.9943E-01, 2.2323E-07) ( 9.9943E-01, 1.9247E-07) ( 9.9944E-01, 1.6595E-07)
 ( 9.9944E-01, 1.4309E-07) ( 9.9945E-01, 1.2338E-07) ( 9.9945E-01, 1.0639E-07) ( 9.9946E-01, 9.1747E-08) ( 9.9946E-01, 7.9120E-08)
 ( 9.9947E-01, 6.8233E-08) ( 9.9947E-01, 5.8847E-08) ( 9.9947E-01, 5.0753E-08) ( 9.9948E-01, 4.3774E-08) ( 9.9948E-01, 3.7757E-08)
 ( 9.9949E-01, 3.2567E-08) (
 DERIVED DATA  EPCM, RMU, K, ETA =   85.3795    1.0673    2.0880    0.3169

 S-MATRIX ELEMENTS
   L   J    REAL  PART    IMAG  PART    J    REAL  PART    IMAG  PART    J    REAL  PART    IMAG  PART  
   0  0.5  -0.6791E+00   -0.8991E-01 -0.5   0.0000E+00    0.0000E+00
   1  1.5  -0.5703E+00    0.2930E+00  0.5  -0.4906E+00    0.3966E+00
   2  2.5  -0.4286E+00    0.4288E+00  1.5  -0.2466E+00    0.5059E+00
   3  3.5  -0.3153E+00    0.5751E+00  2.5  -0.8599E-02    0.4982E+00
   4  4.5  -0.1923E+00    0.7454E+00  3.5   0.2337E+00    0.4335E+00
   5  5.5  -0.6634E-01    0.8367E+00  4.5   0.3879E+00    0.3889E+00
   6  6.5   0.1173E+00    0.8369E+00  5.5   0.4927E+00    0.3690E+00
   7  7.5   0.3997E+00    0.7322E+00  6.5   0.6057E+00    0.3292E+00
   8  8.5   0.6744E+00    0.5212E+00  7.5   0.7286E+00    0.2553E+00
   9  9.5   0.8394E+00    0.3058E+00  8.5   0.8317E+00    0.1693E+00
  10 10.5   0.9175E+00    0.1604E+00  9.5   0.9012E+00    0.9849E-01
  11 11.5   0.9548E+00    0.8000E-01 10.5   0.9432E+00    0.5227E-01
  12 12.5   0.9743E+00    0.3936E-01 11.5   0.9676E+00    0.2606E-01
  13 13.5   0.9853E+00    0.1961E-01 12.5   0.9817E+00    0.1239E-01
  14 14.5   0.9916E+00    0.1013E-01 13.5   0.9897E+00    0.5618E-02
  15 15.5   0.9953E+00    0.5685E-02 14.5   0.9943E+00    0.2389E-02
  16 16.5   0.9973E+00    0.3587E-02 15.5   0.9968E+00    0.8893E-03
  17 17.5   0.9985E+00    0.2461E-02 16.5   0.9983E+00    0.2158E-03
  18 18.5   0.9992E+00    0.1818E-02 17.5   0.9991E+00   -0.7009E-04
  19 19.5   0.9996E+00    0.1511E-02 18.5   0.9995E+00   -0.1887E-03
  20 20.5   0.9998E+00    0.1339E-02 19.5   0.9997E+00   -0.2333E-03
  21 21.5   0.9999E+00    0.1117E-02 20.5   0.9999E+00   -0.2274E-03
  22 22.5   0.9999E+00    0.8106E-03 21.5   0.9999E+00   -0.1828E-03
  23 23.5   0.1000E+01    0.5010E-03 22.5   0.1000E+01   -0.1224E-03
  24 24.5   0.1000E+01    0.2645E-03 23.5   0.1000E+01   -0.6911E-04
  25 25.5   0.1000E+01    0.1206E-03 24.5   0.1000E+01   -0.3338E-04
  26 26.5   0.1000E+01    0.4800E-04 25.5   0.1000E+01   -0.1398E-04
  27 27.5   0.1000E+01    0.1687E-04 26.5   0.1000E+01   -0.5143E-05
  28 28.5   0.1000E+01    0.5285E-05 27.5   0.1000E+01   -0.1679E-05
  29 29.5   0.1000E+01    0.1487E-05 28.5   0.1000E+01   -0.4918E-06
  30 30.5   0.1000E+01    0.3784E-06 29.5   0.1000E+01   -0.1302E-06
  31 31.5   0.1000E+01    0.8756E-07 30.5   0.1000E+01   -0.3144E-07
  32 32.5   0.1000E+01    0.1852E-07 31.5   0.1000E+01   -0.6965E-08
  33 33.5   0.1000E+01    0.3594E-08 32.5   0.1000E+01   -0.1425E-08
  34 34.5   0.1000E+01    0.6421E-09 33.5   0.1000E+01   -0.2708E-09
  35 35.5   0.1000E+01    0.1059E-09 34.5   0.1000E+01   -0.4802E-10
  36 36.5   0.1000E+01    0.1616E-10 35.5   0.1000E+01   -0.7984E-11
  37 37.5   0.1000E+01    0.2285E-11 36.5   0.1000E+01   -0.1249E-11
  38 38.5   0.1000E+01    0.2996E-12 37.5   0.1000E+01   -0.1846E-12
  39 39.5   0.1000E+01    0.3641E-13 38.5   0.1000E+01   -0.2581E-13
  40 40.5   0.1000E+01    0.4095E-14 39.5   0.1000E+01   -0.3423E-14
  41 41.5   0.1000E+01    0.4248E-15 40.5   0.1000E+01   -0.4314E-15
  42 42.5   0.1000E+01    0.4037E-16 41.5   0.1000E+01   -0.5171E-16
  43 43.5   0.1000E+01    0.3466E-17 42.5   0.1000E+01   -0.5901E-17
  44 44.5   0.1000E+01    0.2616E-18 43.5   0.1000E+01   -0.6416E-18
  45 45.5   0.1000E+01    0.1615E-19 44.5   0.1000E+01   -0.6651E-19
  46 46.5   0.1000E+01    0.6169E-21 45.5   0.1000E+01   -0.6576E-20
  47 47.5   0.1000E+01   -0.2461E-22 46.5   0.1000E+01   -0.6204E-21
  48 48.5   0.1000E+01   -0.8844E-23 47.5   0.1000E+01   -0.5590E-22
  49 49.5   0.1000E+01   -0.1265E-23 48.5   0.1000E+01   -0.4817E-23
  50 50.5   0.1000E+01   -0.1539E-24 49.5   0.1000E+01   -0.3956E-24


 REACTION CROSS SECTION IN MB IS  3.7096E+02


 ***calling damp.f, line 758
 ***calling radinterp.f, line 775
 ***calling waveb.f, line 753

 -------------------------------------------------------------
 *************************** d + B ***************************
 -------------------------------------------------------------
 ***calling dstwav.f, line 808

 DISTORTED WAVE SUBROUTINE
 NO NON-LOCAL CORRECTION

 TARGET-MASS 36.010 CHARGE 18.000     PROJECTILE-ENERGY   2.000 MASS  4.000 CHARGE  2.000 SPIN  0.000

 *****  RELATIVISTIC KINEMATICS  *****
 ***calling potset() from dstwav.f... ln 66
 ***pots print flag, iacd=           3
 NUCLEAR PARAMETERS (V,R,A)
 CENTRAL POTL REAL 151.0000   1.2600   0.7670 IMAG VOL  14.2400   1.6900   0.5190 SURF   0.0000
 S.O.    POTL REAL   0.0000   0.0000   1.0000 IMAG       0.0000   0.0000   1.0000
 EXCH.   POTL REAL   0.0000   0.0000   1.0000
 COULOMB   RADIUS    1.3000

 DERIVED DATA  EPCM, RMU, K, ETA =    1.7996    3.6015    0.5569    8.0206

 S-MATRIX ELEMENTS
   L   J    REAL  PART    IMAG  PART    J    REAL  PART    IMAG  PART    J    REAL  PART    IMAG  PART  
   0  0.0   0.1000E+01    0.1285E-07
   1  1.0   0.1000E+01    0.8977E-08
   2  2.0   0.1000E+01    0.4490E-08
   3  3.0   0.1000E+01    0.1624E-08
   4  4.0   0.1000E+01    0.4411E-09
   5  5.0   0.1000E+01    0.9228E-10
   6  6.0   0.1000E+01    0.1532E-10
   7  7.0   0.1000E+01    0.2064E-11
   8  8.0   0.1000E+01    0.2300E-12
   9  9.0   0.1000E+01    0.2151E-13
  10 10.0   0.1000E+01    0.1712E-14
  11 11.0   0.1000E+01    0.1172E-15
  12 12.0   0.1000E+01    0.6970E-17
  13 13.0   0.1000E+01    0.3631E-18
  14 14.0   0.1000E+01    0.1671E-19
  15 15.0   0.1000E+01    0.6832E-21
  16 16.0   0.1000E+01    0.2497E-22
  17 17.0   0.1000E+01    0.6483E-24
  18 18.0   0.1000E+01    0.0000E+00
  19 19.0   0.1000E+01    0.0000E+00
  20 20.0   0.1000E+01    0.0000E+00
  21 21.0   0.1000E+01    0.0000E+00
  22 22.0   0.1000E+01    0.0000E+00
  23 23.0   0.1000E+01    0.0000E+00
  24 24.0   0.1000E+01   -0.4634E-25
  25 25.0   0.1000E+01    0.0000E+00
  26 26.0   0.1000E+01    0.0000E+00
  27 27.0   0.1000E+01    0.0000E+00
  28 28.0   0.1000E+01    0.0000E+00
  29 29.0   0.1000E+01    0.0000E+00
  30 30.0   0.1000E+01    0.0000E+00
  31 31.0   0.1000E+01    0.0000E+00
  32 32.0   0.1000E+01    0.0000E+00
  33 33.0   0.1000E+01    0.0000E+00
  34 34.0   0.1000E+01    0.0000E+00
  35 35.0   0.1000E+01    0.0000E+00
  36 36.0   0.1000E+01   -0.1808E-25
  37 37.0   0.1000E+01    0.0000E+00
  38 38.0   0.1000E+01    0.0000E+00
  39 39.0   0.1000E+01    0.0000E+00
  40 40.0   0.1000E+01    0.0000E+00


 REACTION CROSS SECTION IN MB IS  1.6820E-06


 ***calling radinterp.f, line 837
 ***calling waveb.f, line 857
 ***calling integ.f, line 998
                N =  5 J =  0.0 L =  0
  AMP REAL/IMAG M =  0
 sa = -1 ra = -1
 sc = -1 rc = -1 -1.1980E-08
                  1.4620E-09
 sa = -1 ra = -1
 sc = -1 rc =  1  1.5023E-10
                  2.3936E-10
 sa = -1 ra = -1
 sc =  1 rc = -1 -1.5023E-10
                 -2.3936E-10
 sa = -1 ra = -1
 sc =  1 rc =  1 -1.1980E-08
                  1.4620E-09
 sa = -1 ra =  1
 sc = -1 rc = -1 -1.8692E-10
                 -6.7620E-12
 sa = -1 ra =  1
 sc = -1 rc =  1  7.6410E-12
                 -6.6651E-12
 sa = -1 ra =  1
 sc =  1 rc = -1 -2.6242E-12
                  4.6507E-12
 sa = -1 ra =  1
 sc =  1 rc =  1 -1.8692E-10
                 -6.7620E-12
 sa =  1 ra = -1
 sc = -1 rc = -1  1.8692E-10
                  6.7620E-12
 sa =  1 ra = -1
 sc = -1 rc =  1 -2.6242E-12
                  4.6507E-12
 sa =  1 ra = -1
 sc =  1 rc = -1  7.6410E-12
                 -6.6651E-12
 sa =  1 ra = -1
 sc =  1 rc =  1  1.8692E-10
                  6.7620E-12
 sa =  1 ra =  1
 sc = -1 rc = -1 -1.1980E-08
                  1.4620E-09
 sa =  1 ra =  1
 sc = -1 rc =  1  1.5023E-10
                  2.3936E-10
 sa =  1 ra =  1
 sc =  1 rc = -1 -1.5023E-10
                 -2.3936E-10
 sa =  1 ra =  1
 sc =  1 rc =  1 -1.1980E-08
                  1.4620E-09
 ***calling epilog(), line 1050, - iflag=           0
 ***computing spin averages... ln 35 in epilog.f
 ***calc n-n T-matrix, ln52 epilog.f
 ***calling pa(), ln 69 of epilog.f
 ***calling PALPHA() from PA.F, line 18
 ***in palpha.f, for jcon(52)=           1 :..
 ******read input cards 18, 19, 20 in palfa.f ln90

 -------------------------------------------------------------
 *************************** a + b ***************************
 -------------------------------------------------------------

 *** p + alpha scattering - nstep = 150, step =   0.100, lmax =  30    ***

 DISTORTED WAVE SUBROUTINE
 NON-LOCAL CORRECTION, BETA =   0.0000
 OPTION NUMBER =   1

 TARGET-MASS  4.000 CHARGE  2.000     PROJECTILE-ENERGY  91.007 MASS  1.007 CHARGE  1.000 SPIN  0.500

 *****  RELATIVISTIC KINEMATICS  *****
 ***calling potset() from dstwav.f... ln 66
 ***pots print flag, iacd=           5
 NUCLEAR PARAMETERS (V,R,A)
 CENTRAL POTL REAL  -2.8000   1.3960   0.4040 IMAG VOL  10.3100   1.6960   0.2600 SURF   0.0000
 S.O.    POTL REAL  10.3100   1.0340   0.2990 IMAG      -0.4000   1.0340   0.2990
 EXCH.   POTL REAL   0.0510   1.1170   0.4000
 COULOMB   RADIUS    1.3600

 DERIVED DATA  EPCM, RMU, K, ETA =   70.4666    0.8440    1.6868    0.0345

 S-MATRIX ELEMENTS
   L   J    REAL  PART    IMAG  PART    J    REAL  PART    IMAG  PART    J    REAL  PART    IMAG  PART  
   0  0.5   0.5133E+00   -0.2955E-01 -0.5   0.0000E+00    0.0000E+00
   1  1.5   0.5209E+00    0.2211E+00  0.5   0.2171E+00   -0.4344E+00
   2  2.5   0.4307E+00    0.3223E+00  1.5   0.4108E+00   -0.4710E+00
   3  3.5   0.6048E+00    0.2062E+00  2.5   0.7011E+00   -0.3137E+00
   4  4.5   0.8431E+00    0.8239E-01  3.5   0.8804E+00   -0.1346E+00
   5  5.5   0.9568E+00    0.2156E-01  4.5   0.9625E+00   -0.4098E-01
   6  6.5   0.9905E+00    0.4276E-02  5.5   0.9908E+00   -0.1000E-01
   7  7.5   0.9982E+00    0.6721E-03  6.5   0.9982E+00   -0.2217E-02
   8  8.5   0.9997E+00    0.9033E-04  7.5   0.9997E+00   -0.4622E-03
   9  9.5   0.1000E+01    0.1456E-04  8.5   0.9999E+00   -0.8828E-04
  10 10.5   0.1000E+01    0.1261E-04  9.5   0.1000E+01   -0.6281E-05
  11 11.5   0.1000E+01    0.1118E-04 10.5   0.1000E+01    0.7741E-05
  12 12.5   0.1000E+01    0.9410E-05 11.5   0.1000E+01    0.8786E-05
  13 13.5   0.1000E+01    0.8813E-05 12.5   0.1000E+01    0.8700E-05
  14 14.5   0.1000E+01    0.5861E-05 13.5   0.1000E+01    0.5841E-05
  15 15.5   0.1000E+01    0.3856E-05 14.5   0.1000E+01    0.3852E-05
  16 16.5   0.1000E+01    0.3457E-05 15.5   0.1000E+01    0.3456E-05
  17 17.5   0.1000E+01    0.2107E-05 16.5   0.1000E+01    0.2107E-05
  18 18.5   0.1000E+01    0.6581E-06 17.5   0.1000E+01    0.6581E-06
  19 19.5   0.1000E+01    0.3584E-06 18.5   0.1000E+01    0.3584E-06
  20 20.5   0.1000E+01    0.3328E-06 19.5   0.1000E+01    0.3328E-06
  21 21.5   0.1000E+01   -0.1002E-06 20.5   0.1000E+01   -0.1002E-06
  22 22.5   0.1000E+01   -0.5185E-06 21.5   0.1000E+01   -0.5185E-06
  23 23.5   0.1000E+01   -0.5433E-06 22.5   0.1000E+01   -0.5433E-06
  24 24.5   0.1000E+01   -0.3178E-06 23.5   0.1000E+01   -0.3178E-06
  25 25.5   0.1000E+01   -0.1073E-06 24.5   0.1000E+01   -0.1073E-06
  26 26.5   0.1000E+01   -0.7186E-08 25.5   0.1000E+01   -0.7186E-08
  27 27.5   0.1000E+01    0.1571E-07 26.5   0.1000E+01    0.1571E-07
  28 28.5   0.1000E+01    0.1153E-07 27.5   0.1000E+01    0.1153E-07
  29 29.5   0.1000E+01    0.4972E-08 28.5   0.1000E+01    0.4972E-08
  30 30.5   0.1000E+01    0.1540E-08 29.5   0.1000E+01    0.1540E-08


 REACTION CROSS SECTION IN MB IS  1.4597E+02



*** Elas. x-secs and pol. printed to .ela file ***

 ***calling DMATNEW(), 17 times, ln167-189 of epilog.f
 ***calc N, S, L partial cross sect., ln 49 of epilog.f
 ***iflag=           0 ...ln 350 of epilog.f
 ***WRITE(16) psig - whatever?..ln 351 of epilog.f
 ***alternative enrty point...ln 371 of epilog.f
 ***ln 387 of epilog.f
 ***calc target analysing pow. ln 399 of epilog.f
 ***calc A3b00i0, anal. pow.,ln 480 of spin/epilog.f
   A3b00i0(1):   0.66338187197959175     
       anp(1):   0.66338187197959175     
 ***calc. pol transfer, ln 529 of epilog.f
 ***end of epilog.f
 ***calling maris.f, line 1054

 Maris effect                    Px              Py              Pz 
                              0.0000          0.0000          0.0000  for l,j =  0    0.0

 ***calling printout.f, line 1067, with 
 iflag=           0 ; plot= T ; jcon(6)=           0

 Projection on the axis of particle c  --         Energy =   91.1800 MeV        Phisq(q) PW   = 2.709E+01      
 Recoil momentum  q =    0.0180 MeV/c Phase space factor = 4.370E+11        Low radial cutoff =  0.00F.    




 2-body  Elab in MeV         91.0070
          Theta c.m.         19.2272
        Cross sec mb      5.3260E+01
         x-theory mb      0.0000E+00

       PWIA x-sec mb      6.3556E+00
         DW/PW ratio      1.1503E-10
          PWIA A00n0      0.0000E+00
       DWIA x-sec mb      7.3107E-10

 Polarization                 2-Body          3-Body
        Beam a A00n0          0.0000          0.6634
    Target b/B A000n          0.0000          0.0000
   Beam/tgt aB A00nn          0.0000          0.0000
   Scattered c Pn000          0.0000          0.6634
   Scattered d P0n00          0.0000          0.0000
   tgt/Scat bd D0q0k          0.0000

 Spin Transfer                           Particle  c                     Particle  d
 K(ac)  A(cdab)               2-Body          3-Body          2-Body          3-Body
 K(nn)  A(n0n0)   D           0.0000          1.0000          0.0000          0.0000
 K(ss)  A(s0s0)   R           0.0000          0.7429          0.0000          0.0000
 K(ls)  A(s0l0)   A           0.0000         -0.0892          0.0000          0.0000
 K(sl)  A(l0s0)   R`          0.0000          0.0892          0.0000          0.0000
 K(ll)  A(l0l0)   A`          0.0000          0.7429          0.0000          0.0000

 Target analyzing powers
 Az       0.0000 Azz      0.0000 Azzz    0.0000
 ***calling cudate.f, line 1073


   TOTAL TIME:     0.22 SEC.
 TIME PER RUN:     0.22 SEC.

 ******************** end of THREEDEE.EXE ********************
